2020-10-03 23:13:22,643 [INFO] Activator:176 - 


2020-10-03 23:13:22,645 [INFO] Activator:177 - !SESSION log4j initialized
2020-10-03 23:13:33,008 [INFO] ApplicationProperties:181 - Using Application install path: C:\ST\STM32CubeIDE_1.3.0\STM32CubeIDE\plugins\com.st.stm32cube.common.mx_5.6.0.202002181639
2020-10-03 23:13:33,018 [INFO] DbMcusXml:72 - Set database path to: C:\ST\STM32CubeIDE_1.3.0\STM32CubeIDE\plugins\com.st.stm32cube.common.mx_5.6.0.202002181639\\db\/mcu/
2020-10-03 23:13:33,021 [INFO] DbBoardsPdsc:54 - Set plugin database path to: C:\ST\STM32CubeIDE_1.3.0\STM32CubeIDE\plugins\com.st.stm32cube.common.mx_5.6.0.202002181639\\db\/plugins/boardmanager/
2020-10-03 23:13:33,026 [INFO] DbMcus:235 - Set plugin images path to: C:\ST\STM32CubeIDE_1.3.0\STM32CubeIDE\plugins\com.st.stm32cube.common.mx_5.6.0.202002181639\\db\/plugins/mcufinder/images/
2020-10-03 23:13:33,027 [INFO] DbBoards:232 - Set plugin images path to: C:\ST\STM32CubeIDE_1.3.0\STM32CubeIDE\plugins\com.st.stm32cube.common.mx_5.6.0.202002181639\\db\/plugins/mcufinder/images/
2020-10-03 23:13:33,031 [INFO] DbMcusAds:85 - Set database path to: C:\Users\kazen\.stmcufinder\plugins\mcufinder//mcu/
2020-10-03 23:13:33,032 [INFO] DbMcusDocs:108 - Set database path to: C:\Users\kazen\.stmcufinder\plugins\mcufinder//mcu/
2020-10-03 23:13:33,033 [INFO] DbMcusJson:61 - Set database path to: C:\Users\kazen\.stmcufinder\plugins\mcufinder//mcu/
2020-10-03 23:13:33,034 [INFO] DbBoardsDocs:97 - Set database path to: C:\Users\kazen\.stmcufinder\plugins\mcufinder//mcu/
2020-10-03 23:13:33,035 [INFO] DbBoardsJson:51 - Set database path to: C:\Users\kazen\.stmcufinder\plugins\mcufinder//mcu/
2020-10-03 23:13:33,044 [INFO] CrossReferenceDbSqlite:197 - Set database path to: C:\Users\kazen\.stmcufinder\plugins\mcufinder//mcu/cs/
2020-10-03 23:13:33,128 [INFO] RulesReader:52 - Compatibility file has been processed (208 Rules)
2020-10-03 23:13:33,233 [INFO] MicroXplorer:570 - Detected Java Version = 1.8.0_242
2020-10-03 23:13:33,233 [INFO] DbMcusXml:72 - Set database path to: C:\ST\STM32CubeIDE_1.3.0\STM32CubeIDE\plugins\com.st.stm32cube.common.mx_5.6.0.202002181639\\db\/mcu/
2020-10-03 23:13:33,234 [INFO] DbBoardsPdsc:54 - Set plugin database path to: C:\ST\STM32CubeIDE_1.3.0\STM32CubeIDE\plugins\com.st.stm32cube.common.mx_5.6.0.202002181639\\db\/plugins/boardmanager/
2020-10-03 23:13:33,234 [INFO] DbMcus:235 - Set plugin images path to: C:\ST\STM32CubeIDE_1.3.0\STM32CubeIDE\plugins\com.st.stm32cube.common.mx_5.6.0.202002181639\\db\/plugins/mcufinder/images/
2020-10-03 23:13:33,235 [INFO] DbBoards:232 - Set plugin images path to: C:\ST\STM32CubeIDE_1.3.0\STM32CubeIDE\plugins\com.st.stm32cube.common.mx_5.6.0.202002181639\\db\/plugins/mcufinder/images/
2020-10-03 23:13:33,235 [WARN] DbFile:36 - Overriding database path with different value: C:\Users\kazen\.stmcufinder\plugins\mcufinder/ => C:\Users\kazen\.stmcufinder\plugins\mcufinder
2020-10-03 23:13:33,235 [INFO] DbMcusAds:85 - Set database path to: C:\Users\kazen\.stmcufinder\plugins\mcufinder//mcu/
2020-10-03 23:13:33,235 [WARN] DbFile:36 - Overriding database path with different value: C:\Users\kazen\.stmcufinder\plugins\mcufinder/ => C:\Users\kazen\.stmcufinder\plugins\mcufinder
2020-10-03 23:13:33,235 [INFO] DbMcusDocs:108 - Set database path to: C:\Users\kazen\.stmcufinder\plugins\mcufinder//mcu/
2020-10-03 23:13:33,235 [WARN] DbFile:36 - Overriding database path with different value: C:\Users\kazen\.stmcufinder\plugins\mcufinder/ => C:\Users\kazen\.stmcufinder\plugins\mcufinder
2020-10-03 23:13:33,236 [INFO] DbMcusJson:61 - Set database path to: C:\Users\kazen\.stmcufinder\plugins\mcufinder//mcu/
2020-10-03 23:13:33,236 [WARN] DbFile:36 - Overriding database path with different value: C:\Users\kazen\.stmcufinder\plugins\mcufinder/ => C:\Users\kazen\.stmcufinder\plugins\mcufinder
2020-10-03 23:13:33,236 [INFO] DbBoardsDocs:97 - Set database path to: C:\Users\kazen\.stmcufinder\plugins\mcufinder//mcu/
2020-10-03 23:13:33,236 [WARN] DbFile:36 - Overriding database path with different value: C:\Users\kazen\.stmcufinder\plugins\mcufinder/ => C:\Users\kazen\.stmcufinder\plugins\mcufinder
2020-10-03 23:13:33,236 [INFO] DbBoardsJson:51 - Set database path to: C:\Users\kazen\.stmcufinder\plugins\mcufinder//mcu/
2020-10-03 23:13:33,236 [WARN] DbFile:36 - Overriding database path with different value: C:\Users\kazen\.stmcufinder\plugins\mcufinder/ => C:\Users\kazen\.stmcufinder\plugins\mcufinder
2020-10-03 23:13:33,236 [WARN] DbFile:36 - Overriding database path with different value: C:\Users\kazen\.stmcufinder\plugins\mcufinder/ => C:\Users\kazen\.stmcufinder\plugins\mcufinder
2020-10-03 23:13:33,237 [INFO] CrossReferenceDbSqlite:197 - Set database path to: C:\Users\kazen\.stmcufinder\plugins\mcufinder//mcu/cs/
2020-10-03 23:13:33,321 [INFO] MainPanel:181 - HeapMemory: 324009984
2020-10-03 23:13:33,371 [INFO] DbMcusXml:72 - Set database path to: C:\ST\STM32CubeIDE_1.3.0\STM32CubeIDE\plugins\com.st.stm32cube.common.mx_5.6.0.202002181639\\db\/mcu/
2020-10-03 23:13:33,371 [INFO] DbBoardsPdsc:54 - Set plugin database path to: C:\ST\STM32CubeIDE_1.3.0\STM32CubeIDE\plugins\com.st.stm32cube.common.mx_5.6.0.202002181639\\db\/plugins/boardmanager/
2020-10-03 23:13:33,371 [INFO] DbMcus:235 - Set plugin images path to: C:\ST\STM32CubeIDE_1.3.0\STM32CubeIDE\plugins\com.st.stm32cube.common.mx_5.6.0.202002181639\\db\/plugins/mcufinder/images/
2020-10-03 23:13:33,371 [INFO] DbBoards:232 - Set plugin images path to: C:\ST\STM32CubeIDE_1.3.0\STM32CubeIDE\plugins\com.st.stm32cube.common.mx_5.6.0.202002181639\\db\/plugins/mcufinder/images/
2020-10-03 23:13:33,372 [WARN] DbFile:36 - Overriding database path with different value: C:\Users\kazen\.stmcufinder\plugins\mcufinder/ => C:\Users\kazen\.stmcufinder\plugins\mcufinder
2020-10-03 23:13:33,372 [INFO] DbMcusAds:85 - Set database path to: C:\Users\kazen\.stmcufinder\plugins\mcufinder//mcu/
2020-10-03 23:13:33,372 [WARN] DbFile:36 - Overriding database path with different value: C:\Users\kazen\.stmcufinder\plugins\mcufinder/ => C:\Users\kazen\.stmcufinder\plugins\mcufinder
2020-10-03 23:13:33,372 [INFO] DbMcusDocs:108 - Set database path to: C:\Users\kazen\.stmcufinder\plugins\mcufinder//mcu/
2020-10-03 23:13:33,372 [WARN] DbFile:36 - Overriding database path with different value: C:\Users\kazen\.stmcufinder\plugins\mcufinder/ => C:\Users\kazen\.stmcufinder\plugins\mcufinder
2020-10-03 23:13:33,372 [INFO] DbMcusJson:61 - Set database path to: C:\Users\kazen\.stmcufinder\plugins\mcufinder//mcu/
2020-10-03 23:13:33,372 [WARN] DbFile:36 - Overriding database path with different value: C:\Users\kazen\.stmcufinder\plugins\mcufinder/ => C:\Users\kazen\.stmcufinder\plugins\mcufinder
2020-10-03 23:13:33,373 [INFO] DbBoardsDocs:97 - Set database path to: C:\Users\kazen\.stmcufinder\plugins\mcufinder//mcu/
2020-10-03 23:13:33,373 [WARN] DbFile:36 - Overriding database path with different value: C:\Users\kazen\.stmcufinder\plugins\mcufinder/ => C:\Users\kazen\.stmcufinder\plugins\mcufinder
2020-10-03 23:13:33,373 [INFO] DbBoardsJson:51 - Set database path to: C:\Users\kazen\.stmcufinder\plugins\mcufinder//mcu/
2020-10-03 23:13:33,373 [WARN] DbFile:36 - Overriding database path with different value: C:\Users\kazen\.stmcufinder\plugins\mcufinder/ => C:\Users\kazen\.stmcufinder\plugins\mcufinder
2020-10-03 23:13:33,373 [WARN] DbFile:36 - Overriding database path with different value: C:\Users\kazen\.stmcufinder\plugins\mcufinder/ => C:\Users\kazen\.stmcufinder\plugins\mcufinder
2020-10-03 23:13:33,373 [INFO] CrossReferenceDbSqlite:197 - Set database path to: C:\Users\kazen\.stmcufinder\plugins\mcufinder//mcu/cs/
2020-10-03 23:13:33,387 [INFO] ApplicationProperties:181 - Using Application install path: C:\ST\STM32CubeIDE_1.3.0\STM32CubeIDE\plugins\com.st.stm32cube.common.mx_5.6.0.202002181639
2020-10-03 23:13:33,389 [INFO] PluginManage:178 - Search for loadable plugins [exclusion list=, tutovideos]
2020-10-03 23:13:33,390 [INFO] PluginManage:292 - Check plugin analytics
2020-10-03 23:13:33,394 [INFO] PluginManage:342 - Loaded plugin analytics (category:tool,tabindex:-1)
2020-10-03 23:13:33,395 [INFO] PluginManage:292 - Check plugin clock
2020-10-03 23:13:33,405 [INFO] PluginManage:342 - Loaded plugin clock (category:base,tabindex:2)
2020-10-03 23:13:33,405 [INFO] PluginManage:292 - Check plugin ddr
2020-10-03 23:13:33,408 [INFO] PluginManage:342 - Loaded plugin ddr (category:tool,tabindex:6)
2020-10-03 23:13:33,408 [INFO] PluginManage:292 - Check plugin filemanager
2020-10-03 23:13:33,508 [INFO] PluginManage:342 - Loaded plugin filemanager (category:base,tabindex:10)
2020-10-03 23:13:33,508 [INFO] PluginManage:292 - Check plugin ipmanager
2020-10-03 23:13:33,520 [INFO] PluginManage:342 - Loaded plugin ipmanager (category:base,tabindex:5)
2020-10-03 23:13:33,520 [INFO] PluginManage:292 - Check plugin pinoutandconfiguration
2020-10-03 23:13:33,527 [INFO] PluginManage:342 - Loaded plugin pinoutandconfiguration (category:base,tabindex:1)
2020-10-03 23:13:33,527 [INFO] PluginManage:292 - Check plugin pinoutconfig
2020-10-03 23:13:33,549 [INFO] PluginManage:342 - Loaded plugin pinoutconfig (category:base,tabindex:0)
2020-10-03 23:13:33,549 [INFO] PluginManage:292 - Check plugin power
2020-10-03 23:13:33,556 [INFO] PluginManage:342 - Loaded plugin power (category:power,tabindex:4)
2020-10-03 23:13:33,556 [INFO] PluginManage:292 - Check plugin projectmanager
2020-10-03 23:13:33,571 [INFO] PluginManage:342 - Loaded plugin projectmanager (category:projectmanager,tabindex:3)
2020-10-03 23:13:33,571 [INFO] PluginManage:292 - Check plugin thirdparty
2020-10-03 23:13:33,622 [INFO] ThirdPartyDb:295 - Open Third Party DataBase File (C:/Users/kazen/.stm32cubemx/plugins/thirdparty/db/thirdparties_db.xml) : 24 ms. number of Sw pack : 10
2020-10-03 23:13:33,631 [INFO] PluginManage:342 - Loaded plugin thirdparty (category:base,tabindex:-1)
2020-10-03 23:13:33,632 [INFO] PluginManage:292 - Check plugin tools
2020-10-03 23:13:33,634 [INFO] PluginManage:342 - Loaded plugin tools (category:base,tabindex:7)
2020-10-03 23:13:33,634 [INFO] PluginManage:292 - Check plugin tutovideos
2020-10-03 23:13:33,635 [INFO] PluginManage:347 - Ignore plugin tutovideos (category:base)
2020-10-03 23:13:33,635 [INFO] PluginManage:292 - Check plugin updater
2020-10-03 23:13:33,644 [INFO] PluginManage:342 - Loaded plugin updater (category:base,tabindex:12)
2020-10-03 23:13:33,644 [INFO] PluginManage:265 - PluginManage : Loaded plugins [12]
2020-10-03 23:13:33,787 [INFO] PinOutPanel:1420 - setPackage(No Configuration,No Configuration)
2020-10-03 23:13:33,878 [INFO] IPUIPlugin:65 - create IPUIPlugin
2020-10-03 23:13:33,878 [INFO] PluginManager:200 - loadIPPluginJar : add adc
2020-10-03 23:13:33,880 [INFO] IPUIPlugin:65 - create IPUIPlugin
2020-10-03 23:13:33,881 [INFO] PluginManager:200 - loadIPPluginJar : add aes
2020-10-03 23:13:33,883 [INFO] IPUIPlugin:65 - create IPUIPlugin
2020-10-03 23:13:33,883 [INFO] PluginManager:200 - loadIPPluginJar : add can
2020-10-03 23:13:33,884 [INFO] IPUIPlugin:65 - create IPUIPlugin
2020-10-03 23:13:33,885 [INFO] PluginManager:200 - loadIPPluginJar : add comp
2020-10-03 23:13:33,887 [INFO] IPUIPlugin:65 - create IPUIPlugin
2020-10-03 23:13:33,887 [INFO] PluginManager:200 - loadIPPluginJar : add cryp
2020-10-03 23:13:33,889 [INFO] IPUIPlugin:65 - create IPUIPlugin
2020-10-03 23:13:33,889 [INFO] PluginManager:200 - loadIPPluginJar : add dfsdm
2020-10-03 23:13:33,894 [INFO] IPUIPlugin:65 - create IPUIPlugin
2020-10-03 23:13:33,894 [INFO] PluginManager:200 - loadIPPluginJar : add dma
2020-10-03 23:13:33,896 [INFO] IPUIPlugin:65 - create IPUIPlugin
2020-10-03 23:13:33,896 [INFO] PluginManager:200 - loadIPPluginJar : add fatfs
2020-10-03 23:13:33,900 [INFO] IPUIPlugin:65 - create IPUIPlugin
2020-10-03 23:13:33,900 [INFO] PluginManager:200 - loadIPPluginJar : add fmc
2020-10-03 23:13:33,905 [INFO] IPUIPlugin:65 - create IPUIPlugin
2020-10-03 23:13:33,905 [INFO] PluginManager:200 - loadIPPluginJar : add freertos
2020-10-03 23:13:33,906 [INFO] IPUIPlugin:65 - create IPUIPlugin
2020-10-03 23:13:33,907 [INFO] PluginManager:200 - loadIPPluginJar : add genericplugin
2020-10-03 23:13:33,908 [INFO] IPUIPlugin:65 - create IPUIPlugin
2020-10-03 23:13:33,908 [INFO] PluginManager:200 - loadIPPluginJar : add gfxmmu
2020-10-03 23:13:33,912 [INFO] IPUIPlugin:65 - create IPUIPlugin
2020-10-03 23:13:33,913 [INFO] PluginManager:200 - loadIPPluginJar : add gic
2020-10-03 23:13:33,915 [INFO] IPUIPlugin:65 - create IPUIPlugin
2020-10-03 23:13:33,915 [INFO] PluginManager:200 - loadIPPluginJar : add gpio
2020-10-03 23:13:33,917 [INFO] IPUIPlugin:65 - create IPUIPlugin
2020-10-03 23:13:33,917 [INFO] PluginManager:200 - loadIPPluginJar : add gtzc
2020-10-03 23:13:33,919 [INFO] IPUIPlugin:65 - create IPUIPlugin
2020-10-03 23:13:33,919 [INFO] PluginManager:200 - loadIPPluginJar : add hash
2020-10-03 23:13:33,921 [INFO] IPUIPlugin:65 - create IPUIPlugin
2020-10-03 23:13:33,921 [INFO] PluginManager:200 - loadIPPluginJar : add i2c
2020-10-03 23:13:33,923 [INFO] IPUIPlugin:65 - create IPUIPlugin
2020-10-03 23:13:33,923 [INFO] PluginManager:200 - loadIPPluginJar : add i2s
2020-10-03 23:13:33,925 [INFO] IPUIPlugin:65 - create IPUIPlugin
2020-10-03 23:13:33,925 [INFO] PluginManager:200 - loadIPPluginJar : add ipddr
2020-10-03 23:13:33,927 [INFO] IPUIPlugin:65 - create IPUIPlugin
2020-10-03 23:13:33,927 [INFO] PluginManager:200 - loadIPPluginJar : add ltdc
2020-10-03 23:13:33,930 [INFO] IPUIPlugin:65 - create IPUIPlugin
2020-10-03 23:13:33,930 [INFO] PluginManager:200 - loadIPPluginJar : add mdma
2020-10-03 23:13:33,932 [INFO] IPUIPlugin:65 - create IPUIPlugin
2020-10-03 23:13:33,932 [INFO] PluginManager:200 - loadIPPluginJar : add nvic
2020-10-03 23:13:33,934 [INFO] IPUIPlugin:65 - create IPUIPlugin
2020-10-03 23:13:33,934 [INFO] PluginManager:200 - loadIPPluginJar : add opamp
2020-10-03 23:13:33,936 [INFO] IPUIPlugin:65 - create IPUIPlugin
2020-10-03 23:13:33,936 [INFO] PluginManager:200 - loadIPPluginJar : add pdm2pcm
2020-10-03 23:13:33,941 [INFO] IPUIPlugin:65 - create IPUIPlugin
2020-10-03 23:13:33,944 [INFO] PluginManager:200 - loadIPPluginJar : add plateformsettings
2020-10-03 23:13:33,947 [INFO] IPUIPlugin:65 - create IPUIPlugin
2020-10-03 23:13:33,947 [INFO] PluginManager:200 - loadIPPluginJar : add quadspi
2020-10-03 23:13:33,950 [INFO] IPUIPlugin:65 - create IPUIPlugin
2020-10-03 23:13:33,950 [INFO] PluginManager:200 - loadIPPluginJar : add resmgrutility
2020-10-03 23:13:33,952 [INFO] IPUIPlugin:65 - create IPUIPlugin
2020-10-03 23:13:33,952 [INFO] PluginManager:200 - loadIPPluginJar : add sai
2020-10-03 23:13:33,954 [INFO] IPUIPlugin:65 - create IPUIPlugin
2020-10-03 23:13:33,954 [INFO] PluginManager:200 - loadIPPluginJar : add spi
2020-10-03 23:13:33,957 [INFO] IPUIPlugin:65 - create IPUIPlugin
2020-10-03 23:13:33,957 [INFO] PluginManager:200 - loadIPPluginJar : add stm32_wpan
2020-10-03 23:13:33,959 [INFO] IPUIPlugin:65 - create IPUIPlugin
2020-10-03 23:13:33,959 [INFO] PluginManager:200 - loadIPPluginJar : add tim
2020-10-03 23:13:33,962 [INFO] IPUIPlugin:65 - create IPUIPlugin
2020-10-03 23:13:33,962 [INFO] PluginManager:200 - loadIPPluginJar : add touchsensing
2020-10-03 23:13:33,963 [INFO] IPUIPlugin:65 - create IPUIPlugin
2020-10-03 23:13:33,964 [INFO] PluginManager:200 - loadIPPluginJar : add tracer_emb
2020-10-03 23:13:33,965 [INFO] IPUIPlugin:65 - create IPUIPlugin
2020-10-03 23:13:33,965 [INFO] PluginManager:200 - loadIPPluginJar : add ts
2020-10-03 23:13:33,966 [INFO] IPUIPlugin:65 - create IPUIPlugin
2020-10-03 23:13:33,967 [INFO] PluginManager:200 - loadIPPluginJar : add tsc
2020-10-03 23:13:33,968 [INFO] IPUIPlugin:65 - create IPUIPlugin
2020-10-03 23:13:33,968 [INFO] PluginManager:200 - loadIPPluginJar : add ucpd
2020-10-03 23:13:33,970 [INFO] IPUIPlugin:65 - create IPUIPlugin
2020-10-03 23:13:33,971 [INFO] PluginManager:200 - loadIPPluginJar : add usart
2020-10-03 23:13:34,548 [INFO] BoardConnectionPanel:3472 - [DDR PANEL] STM32CubeIDE environment
2020-10-03 23:13:34,548 [INFO] MainDdrPanel:103 - [DDR PANEL] GETTER - cubeProgrammerPath is: null
2020-10-03 23:13:34,720 [FATAL] Updater:277 - Updater called before beeing initialized
2020-10-03 23:13:34,915 [FATAL] Updater:277 - Updater called before beeing initialized
2020-10-03 23:13:34,919 [INFO] PinOutPanel:1420 - setPackage(No Configuration,No Configuration)
2020-10-03 23:13:34,920 [FATAL] Updater:277 - Updater called before beeing initialized
2020-10-03 23:13:34,925 [INFO] BoardConnectionPanel:3472 - [DDR PANEL] STM32CubeIDE environment
2020-10-03 23:13:34,926 [INFO] MainDdrPanel:103 - [DDR PANEL] GETTER - cubeProgrammerPath is: C:\ST\STM32CubeIDE_1.3.0\STM32CubeIDE\plugins\com.st.stm32cube.ide.mcu.externaltools.cubeprogrammer.win32_1.3.0.202002181050\tools\bin
2020-10-03 23:13:34,930 [INFO] ProgrammerExecThread:148 - [ProgrammerAPI] CubeProgrammer command construction: C:\ST\STM32CubeIDE_1.3.0\STM32CubeIDE\plugins\com.st.stm32cube.ide.mcu.externaltools.cubeprogrammer.win32_1.3.0.202002181050\tools\bin\STM32_Programmer_CLI.exe -l
2020-10-03 23:13:35,045 [INFO] MainDdrPanel:93 - [DDR PANEL] SETTER - Set cubeProgrammerPath to: C:\ST\STM32CubeIDE_1.3.0\STM32CubeIDE\plugins\com.st.stm32cube.ide.mcu.externaltools.cubeprogrammer.win32_1.3.0.202002181050\tools\bin
2020-10-03 23:13:35,050 [INFO] Updater:886 - Updater Version found : 5.6.0
2020-10-03 23:13:35,066 [INFO] ApplicationProperties:181 - Using Application install path: C:\ST\STM32CubeIDE_1.3.0\STM32CubeIDE\plugins\com.st.stm32cube.common.mx_5.6.0.202002181639
2020-10-03 23:13:35,431 [INFO] MainUpdater:2230 - connection check result : 10
2020-10-03 23:13:35,432 [INFO] MainUpdater:236 - Updater Check For Update Now.
2020-10-03 23:13:35,432 [INFO] MicroXplorer:420 - Change Database Version : DB.5.0.60
2020-10-03 23:13:35,468 [INFO] CheckServerUpdateThread:92 - End of CheckServer Thread
2020-10-03 23:13:35,643 [INFO] MainUpdater:2230 - connection check result : 10
2020-10-03 23:13:35,644 [INFO] LogOutputStream:76 - [STDOUT_REDIRECT] Successfull proxy connection.
2020-10-03 23:13:35,747 [INFO] McuFinderGlobals:40 - Set McuFinder mode to 2 (CubeIDE integrated)
2020-10-03 23:13:35,759 [INFO] FinderPluginLoader:86 - Searching for filters in installed packs
2020-10-03 23:13:35,761 [INFO] DbMcusXml:110 - Load MCU database from C:\ST\STM32CubeIDE_1.3.0\STM32CubeIDE\plugins\com.st.stm32cube.common.mx_5.6.0.202002181639\\db\/mcu/families.xml
2020-10-03 23:13:36,515 [INFO] DbMcusJson:90 - JSON generation date=Tue Feb 11 23:02:54 CST 2020 (1581433374)
2020-10-03 23:13:36,681 [INFO] ThirdPartyDb:261 - Close Third Party DataBase File (C:/Users/kazen/.stm32cubemx/plugins/thirdparty/db/thirdparties_db.xml)
2020-10-03 23:13:36,732 [INFO] IntegrityCheckThread:98 - End integrity checks thread
2020-10-03 23:13:37,176 [INFO] DbMcus:171 - Found 1670 MCUs (1625 are supported by CubeMX, 1625 are visible in CubeMX)
2020-10-03 23:13:37,177 [INFO] ApiDb:158 - Load user favorites file C:\Users\kazen/.stm32cubeide/favorites.mcus.txt: 0 item(s)
2020-10-03 23:13:37,177 [INFO] ApiDb:163 - User favorites MCUs=[]
2020-10-03 23:13:37,178 [INFO] DbMcus:183 - Set 0 / 0 favorites MCUs
2020-10-03 23:13:37,960 [INFO] DbMcusAds:143 - JSON generation date=Mon Jul 27 22:58:30 CST 2020 (1595861910)
2020-10-03 23:13:54,567 [INFO] ServerAccessManage:348 - Download File 
2020-10-03 23:15:27,180 [ERROR] ServerAccessManage:406 - Timeout Exception during http download :Read timed out
2020-10-03 23:15:27,188 [ERROR] ServerAccessManage:517 - Problem, Http timeout : .
2020-10-03 23:15:27,188 [INFO] LoadUrlFilesThread:161 - End of LoadServerUrlFiles without Thread
2020-10-03 23:15:27,188 [WARN] McuDetailPanel:184 - Failed to get advertising image, set to default
2020-10-03 23:15:27,526 [INFO] McuFilterPanel:249 - Update 0 favorites MCUs
2020-10-03 23:15:27,637 [INFO] DbBoardsPdsc:92 - Found 22 items
2020-10-03 23:15:27,639 [INFO] DbBoardsPdsc:92 - Found 9 items
2020-10-03 23:15:27,643 [INFO] DbBoardsPdsc:92 - Found 28 items
2020-10-03 23:15:27,645 [INFO] DbBoardsPdsc:92 - Found 1 items
2020-10-03 23:15:27,651 [INFO] DbBoardsPdsc:92 - Found 40 items
2020-10-03 23:15:27,656 [INFO] DbBoardsPdsc:92 - Found 39 items
2020-10-03 23:15:27,658 [INFO] DbBoardsPdsc:92 - Found 2 items
2020-10-03 23:15:27,660 [INFO] DbBoardsPdsc:92 - Found 4 items
2020-10-03 23:15:27,665 [WARN] DbBoardsPdsc:256 - Board STM32H7B3I-DK: unknown feature type=Audio, name=, username=Audio stereo codec with Headphone Amp (CS42L51-CNZ), n=1
2020-10-03 23:15:27,665 [WARN] DbBoardsPdsc:256 - Board STM32H7B3I-DK: unknown feature type=WIFI, name=, username=WIFI 802.11 b/g/n, n=1
2020-10-03 23:15:27,667 [WARN] DbBoardsPdsc:256 - Board STM32H7B3I-EVAL: unknown feature type=Audio, name=, username=Multi-Channel Audio Codec (CS42L51-CNZ), n=1
2020-10-03 23:15:27,668 [WARN] DbBoardsPdsc:256 - Board STM32H7B3I-EVAL: unknown feature type=Meter, name=, username=Power-metering and Temperature-monitoring with sigma-delta modulators, n=1
2020-10-03 23:15:27,668 [WARN] DbBoardsPdsc:256 - Board STM32H7B3I-EVAL: unknown feature type=WIFI, name=, username=WIFI 802.11 a/b/g/n, n=1
2020-10-03 23:15:27,668 [WARN] DbBoardsPdsc:256 - Board STM32H7B3I-EVAL: unknown feature type=Motor, name=, username=Motor Control, n=1
2020-10-03 23:15:27,685 [INFO] DbBoardsJson:80 - JSON generation date=Tue Feb 11 21:53:55 CST 2020 (1581429235)
2020-10-03 23:15:27,691 [INFO] DbBoards:120 - Found 145 boards (142 are supported by CubeMX)
2020-10-03 23:15:27,696 [INFO] DbBoardsDocs:131 - JSON generation date=Tue Feb 11 23:02:54 CST 2020 (1581433374)
2020-10-03 23:15:27,709 [INFO] DbBoardsDocs:70 - Found 173 boards documents
2020-10-03 23:15:27,711 [WARN] DbBoards:130 - board NUCLEO-H743ZI2 has no document id list !
2020-10-03 23:15:27,711 [WARN] DbBoards:130 - board NUCLEO-L4P5ZG has no document id list !
2020-10-03 23:15:27,712 [WARN] DbBoards:130 - board P-NUCLEO-WB55-Nucleo has no document id list !
2020-10-03 23:15:27,713 [WARN] DbBoards:130 - board P-NUCLEO-WB55-USBDongle has no document id list !
2020-10-03 23:15:27,713 [WARN] DbBoards:130 - board NUCLEO-WB35CE has no document id list !
2020-10-03 23:15:27,713 [WARN] DbBoards:130 - board STM32F401C-DISCO has no document id list !
2020-10-03 23:15:27,714 [WARN] DbBoards:130 - board STM32F769I-DISC1 has no document id list !
2020-10-03 23:15:27,714 [WARN] DbBoards:130 - board STM32L-DISCOVERY has no document id list !
2020-10-03 23:15:27,715 [WARN] DbBoards:130 - board STM32H747I-DISC1 has no document id list !
2020-10-03 23:15:27,715 [WARN] DbBoards:130 - board STM32MP157A-DK1 has no document id list !
2020-10-03 23:15:27,716 [WARN] DbBoards:130 - board STM32L4P5G-DK has no document id list !
2020-10-03 23:15:27,716 [WARN] DbBoards:130 - board STM32100E-EVAL has no document id list !
2020-10-03 23:15:27,716 [WARN] DbBoards:130 - board STM32303C-EVAL has no document id list !
2020-10-03 23:15:27,716 [WARN] DbBoards:130 - board STM32L152D-EVAL has no document id list !
2020-10-03 23:15:27,716 [WARN] DbBoards:130 - board STM32H743I-EVAL2 has no document id list !
2020-10-03 23:15:27,717 [WARN] DbBoards:130 - board STM32H753I-EVAL2 has no document id list !
2020-10-03 23:15:27,717 [WARN] DbBoards:130 - board STM32G474E-EVAL1 has no document id list !
2020-10-03 23:15:27,717 [WARN] DbBoards:130 - board STEVAL-BFA001V1B has no document id list !
2020-10-03 23:15:27,717 [WARN] DbBoards:130 - board STEVAL-BFA001V2B has no document id list !
2020-10-03 23:15:27,718 [WARN] DbBoards:130 - board STEVAL-MKSBOX1V1 has no document id list !
2020-10-03 23:15:27,718 [WARN] DbBoards:130 - board STEVAL-STWINKT1 has no document id list !
2020-10-03 23:15:27,718 [WARN] DbBoards:130 - board STEVAL-IDP005V1 has no document id list !
2020-10-03 23:15:27,718 [WARN] DbBoards:130 - board STEVAL-IDP005V2 has no document id list !
2020-10-03 23:15:28,828 [INFO] ApiDb:158 - Load user favorites file C:\Users\kazen/.stm32cubeide/favorites.boards.txt: 0 item(s)
2020-10-03 23:15:28,828 [INFO] ApiDb:163 - User favorites Boards=[]
2020-10-03 23:15:28,829 [INFO] DbBoards:209 - Set 0 / 0 favorites Boards
2020-10-03 23:15:29,386 [INFO] ServerAccessManage:348 - Download File 
2020-10-03 23:15:32,656 [INFO] LoadUrlFilesThread:161 - End of LoadServerUrlFiles without Thread
2020-10-03 23:15:32,714 [INFO] BoardDetailPanel:180 - Set advertising image to C:/Users/kazen/STM32Cube/Repository/\STM32Cube_ecosystem_N4273S_big.jpg
2020-10-03 23:15:32,736 [INFO] BoardFilterPanel:211 - Update 0 favorites Boards
2020-10-03 23:15:32,819 [INFO] CrossSelectorPresenter:1319 - Cross Selector saved comparison directory: C:\Users\kazen\.stmcufinder\plugins\mcufinder\mcu\cs_comparisons_mx
2020-10-04 10:07:25,790 [INFO] MainUpdater:2230 - connection check result : 10
2020-10-04 10:07:25,834 [INFO] MicroXplorer:390 - Change Database Path : 
2020-10-04 10:07:25,834 [INFO] MicroXplorer:420 - Change Database Version : DB.5.0.60
2020-10-04 10:07:25,836 [INFO] PinOutPanel:1420 - setPackage(No Configuration,No Configuration)
2020-10-04 10:07:25,836 [INFO] UtilMem:74 - Begin LoadConfig() Used Memory: 296831352 Bytes (381681664)
2020-10-04 10:07:25,837 [INFO] MicroXplorer:390 - Change Database Path : 
2020-10-04 10:07:25,837 [INFO] MicroXplorer:420 - Change Database Version : DB.5.0.60
2020-10-04 10:07:25,837 [INFO] OpenFileManager:274 - Change cursor
2020-10-04 10:07:26,964 [INFO] ImportTextPane:162 - (OptionalMessage_ERROR) IP (RCC) : Parameter (ADCFreqValue) has invalid value (36000000)
2020-10-04 10:07:26,964 [INFO] ImportTextPane:162 - (OptionalMessage_ERROR) IP (RCC) : Invalid parameter (FamilyName)
2020-10-04 10:07:26,965 [INFO] ImportTextPane:162 - (OptionalMessage_ERROR) IP (RCC) : Parameter (MCOFreq_Value) has invalid value (72000000)
2020-10-04 10:07:26,965 [INFO] ImportTextPane:162 - (OptionalMessage_ERROR) IP (RCC) : Parameter (USBFreq_Value) has invalid value (72000000)
2020-10-04 10:07:27,116 [INFO] UtilMem:74 - End LoadConfig() Used Memory: 263817312 Bytes (381681664)
2020-10-04 10:07:27,137 [INFO] ThirdPartyDb:295 - Open Third Party DataBase File (C:/Users/kazen/.stm32cubemx/plugins/thirdparty/db/thirdparties_db.xml) : 3 ms. number of Sw pack : 10
2020-10-04 10:07:27,240 [INFO] ThirdParty:899 - CMSIS Pack Vendor :STMicroelectronics X-CUBE-GNSS1 5.0.0
2020-10-04 10:07:27,240 [INFO] ThirdParty:899 - CMSIS Pack Vendor :STMicroelectronics X-CUBE-SUBG2 2.0.0
2020-10-04 10:07:27,241 [INFO] ThirdParty:899 - CMSIS Pack Vendor :STMicroelectronics X-CUBE-BLE1 6.0.0
2020-10-04 10:07:27,241 [INFO] ThirdParty:899 - CMSIS Pack Vendor :STMicroelectronics X-CUBE-MEMS1 8.1.1
2020-10-04 10:07:27,241 [INFO] ThirdParty:899 - CMSIS Pack Vendor :STMicroelectronics FreeRTOS 0.0.1
2020-10-04 10:07:27,241 [INFO] ThirdParty:899 - CMSIS Pack Vendor :STMicroelectronics X-CUBE-NFC4 2.0.0
2020-10-04 10:07:27,241 [INFO] ThirdParty:899 - CMSIS Pack Vendor :STMicroelectronics X-CUBE-BLE2 2.0.0
2020-10-04 10:07:27,241 [INFO] ThirdParty:899 - CMSIS Pack Vendor :STMicroelectronics X-CUBE-ALGOBUILD 1.1.0
2020-10-04 10:07:27,488 [INFO] PinOutPanel:1420 - setPackage(No Configuration,No Configuration)
2020-10-04 10:07:27,489 [INFO] PinOutPanel:1420 - setPackage(STM32F103C8Tx,LQFP48)
2020-10-04 10:07:27,828 [INFO] UtilMem:74 - Before build in PCC Used Memory: 289596992 Bytes (381681664)
2020-10-04 10:07:28,344 [INFO] SharedServices:71 - Folder for power plug-in: C:/Users/kazen/.stm32cubemx/plugins/power
2020-10-04 10:07:28,416 [INFO] SharedServices:71 - Folder for power plug-in: C:/Users/kazen/.stm32cubemx/plugins/power
2020-10-04 10:07:28,505 [INFO] SharedServices:71 - Folder for power plug-in: C:/Users/kazen/.stm32cubemx/plugins/power
2020-10-04 10:07:28,509 [INFO] SharedServices:71 - Folder for power plug-in: C:/Users/kazen/.stm32cubemx/plugins/power
2020-10-04 10:07:28,703 [INFO] UtilMem:74 - After build in PCC Used Memory: 251134888 Bytes (381681664)
2020-10-04 10:07:28,723 [INFO] IPUIPlugin:65 - create IPUIPlugin
2020-10-04 10:07:28,724 [INFO] IPUIPlugin:65 - create IPUIPlugin
2020-10-04 10:07:28,724 [INFO] IPUIPlugin:65 - create IPUIPlugin
2020-10-04 10:07:28,724 [INFO] IPUIPlugin:65 - create IPUIPlugin
2020-10-04 10:07:28,724 [INFO] IPUIPlugin:65 - create IPUIPlugin
2020-10-04 10:07:28,725 [INFO] IPUIPlugin:65 - create IPUIPlugin
2020-10-04 10:07:28,725 [INFO] IPUIPlugin:65 - create IPUIPlugin
2020-10-04 10:07:28,725 [INFO] IPUIPlugin:65 - create IPUIPlugin
2020-10-04 10:07:28,725 [INFO] IPUIPlugin:65 - create IPUIPlugin
2020-10-04 10:07:28,726 [INFO] IPUIPlugin:65 - create IPUIPlugin
2020-10-04 10:07:28,726 [INFO] IPUIPlugin:65 - create IPUIPlugin
2020-10-04 10:07:28,726 [INFO] IPUIPlugin:65 - create IPUIPlugin
2020-10-04 10:07:28,726 [INFO] IPUIPlugin:65 - create IPUIPlugin
2020-10-04 10:07:28,726 [INFO] IPUIPlugin:65 - create IPUIPlugin
2020-10-04 10:07:28,727 [INFO] IPUIPlugin:65 - create IPUIPlugin
2020-10-04 10:07:28,727 [INFO] IPUIPlugin:65 - create IPUIPlugin
2020-10-04 10:07:28,727 [INFO] IPUIPlugin:65 - create IPUIPlugin
2020-10-04 10:07:28,727 [INFO] IPUIPlugin:65 - create IPUIPlugin
2020-10-04 10:07:28,728 [INFO] IPUIPlugin:65 - create IPUIPlugin
2020-10-04 10:07:28,728 [INFO] IPUIPlugin:65 - create IPUIPlugin
2020-10-04 10:07:28,728 [INFO] IPUIPlugin:65 - create IPUIPlugin
2020-10-04 10:07:28,728 [INFO] IPUIPlugin:65 - create IPUIPlugin
2020-10-04 10:07:28,728 [INFO] IPUIPlugin:65 - create IPUIPlugin
2020-10-04 10:07:28,729 [INFO] IPUIPlugin:65 - create IPUIPlugin
2020-10-04 10:07:28,729 [INFO] IPUIPlugin:65 - create IPUIPlugin
2020-10-04 10:07:28,729 [INFO] IPUIPlugin:65 - create IPUIPlugin
2020-10-04 10:07:28,729 [INFO] IPUIPlugin:65 - create IPUIPlugin
2020-10-04 10:07:28,742 [INFO] Can:56 - Can Add PropertyChangeListener com.st.microxplorer.plugins.ip.can.Can@5c26946f
2020-10-04 10:07:28,785 [INFO] LogOutputStream:76 - [STDOUT_REDIRECT] toolchainItems.length=====1
2020-10-04 10:07:28,904 [INFO] OpenFileManager:294 - Restore cursor
2020-10-04 10:07:29,188 [INFO] UtilMem:74 - End SaveConfig() Used Memory: 266309184 Bytes (381681664)
2020-10-04 10:07:29,230 [INFO] UtilMem:74 - End SaveConfig() Used Memory: 270503488 Bytes (381681664)
2020-10-04 10:07:29,584 [INFO] BlockDiagram:2671 - set Specific Code input for plugin: NVIC
2020-10-04 10:07:29,584 [INFO] BlockDiagram:2671 - set Specific Code input for plugin: USART
2020-10-04 10:07:29,584 [INFO] BlockDiagram:2671 - set Specific Code input for plugin: SYS
2020-10-04 10:07:29,584 [INFO] BlockDiagram:2671 - set Specific Code input for plugin: GPIO
2020-10-04 10:07:29,584 [INFO] BlockDiagram:2671 - set Specific Code input for plugin: CAN
2020-10-04 10:07:29,585 [INFO] BlockDiagram:2671 - set Specific Code input for plugin: RCC
2020-10-04 10:07:29,586 [INFO] CodeGenerator:603 - code generatio: config db path: C:\ST\STM32CubeIDE_1.3.0\STM32CubeIDE\plugins\com.st.stm32cube.common.mx_5.6.0.202002181639\\db\
2020-10-04 10:07:30,021 [INFO] CodeEngine:188 - oldGeneratedFile, C:\Users\kazen\Documents\project\2020_10_03_SerlCan\code\SerialCAN\tools\local\stm32_cube\Lib\MXTmpFiles\license.tmp_save
2020-10-04 10:07:30,378 [INFO] CodeEngine:206 - Generated code: C:\Users\kazen\Documents\project\2020_10_03_SerlCan\code\SerialCAN\tools\local\stm32_cube\Lib\MXTmpFiles\license.tmp
2020-10-04 10:07:30,561 [INFO] CodeEngine:188 - oldGeneratedFile, C:\Users\kazen\Documents\project\2020_10_03_SerlCan\code\SerialCAN\tools\local\stm32_cube\Lib\MXTmpFiles\gpio.tmp_save
2020-10-04 10:07:30,672 [INFO] CodeEngine:206 - Generated code: C:\Users\kazen\Documents\project\2020_10_03_SerlCan\code\SerialCAN\tools\local\stm32_cube\Lib\MXTmpFiles\gpio.tmp
2020-10-04 10:07:30,795 [INFO] LogOutputStream:76 - [STDOUT_REDIRECT] Command line
2020-10-04 10:07:30,796 [INFO] LogOutputStream:76 - [STDOUT_REDIRECT] Debug : prepare data for CAN
2020-10-04 10:07:30,797 [INFO] LogOutputStream:76 - [STDOUT_REDIRECT] Command line test
2020-10-04 10:07:30,798 [INFO] LogOutputStream:76 - [STDOUT_REDIRECT] Command line
2020-10-04 10:07:30,800 [INFO] LogOutputStream:76 - [STDOUT_REDIRECT] Debug : prepare data for USART
2020-10-04 10:07:30,802 [INFO] LogOutputStream:76 - [STDOUT_REDIRECT] Command line test
2020-10-04 10:07:30,804 [INFO] LogOutputStream:76 - [STDOUT_REDIRECT] Debug : prepare data for NVIC
2020-10-04 10:07:30,805 [INFO] LogOutputStream:76 - [STDOUT_REDIRECT] Command line test
2020-10-04 10:07:30,844 [INFO] CodeEngine:188 - oldGeneratedFile, C:\Users\kazen\Documents\project\2020_10_03_SerlCan\code\SerialCAN\tools\local\stm32_cube\Lib\Core\Src\stm32f1xx_it.c_save
2020-10-04 10:07:30,995 [INFO] CodeEngine:206 - Generated code: C:\Users\kazen\Documents\project\2020_10_03_SerlCan\code\SerialCAN\tools\local\stm32_cube\Lib\Core\Src\stm32f1xx_it.c
2020-10-04 10:07:31,027 [INFO] CodeEngine:188 - oldGeneratedFile, C:\Users\kazen\Documents\project\2020_10_03_SerlCan\code\SerialCAN\tools\local\stm32_cube\Lib\Core\Inc\stm32f1xx_it.h_save
2020-10-04 10:07:31,107 [INFO] CodeEngine:206 - Generated code: C:\Users\kazen\Documents\project\2020_10_03_SerlCan\code\SerialCAN\tools\local\stm32_cube\Lib\Core\Inc\stm32f1xx_it.h
2020-10-04 10:07:31,146 [INFO] CodeEngine:188 - oldGeneratedFile, C:\Users\kazen\Documents\project\2020_10_03_SerlCan\code\SerialCAN\tools\local\stm32_cube\Lib\Core\Src\stm32f1xx_hal_msp.c_save
2020-10-04 10:07:31,301 [INFO] CodeEngine:206 - Generated code: C:\Users\kazen\Documents\project\2020_10_03_SerlCan\code\SerialCAN\tools\local\stm32_cube\Lib\Core\Src\stm32f1xx_hal_msp.c
2020-10-04 10:07:31,327 [INFO] CodeEngine:188 - oldGeneratedFile, C:\Users\kazen\Documents\project\2020_10_03_SerlCan\code\SerialCAN\tools\local\stm32_cube\Lib\MXTmpFiles\system.tmp_save
2020-10-04 10:07:31,399 [INFO] CodeEngine:206 - Generated code: C:\Users\kazen\Documents\project\2020_10_03_SerlCan\code\SerialCAN\tools\local\stm32_cube\Lib\MXTmpFiles\system.tmp
2020-10-04 10:07:31,430 [INFO] CodeEngine:188 - oldGeneratedFile, C:\Users\kazen\Documents\project\2020_10_03_SerlCan\code\SerialCAN\tools\local\stm32_cube\Lib\Core\Inc\stm32f1xx_hal_conf.h_save
2020-10-04 10:07:31,516 [INFO] CodeEngine:206 - Generated code: C:\Users\kazen\Documents\project\2020_10_03_SerlCan\code\SerialCAN\tools\local\stm32_cube\Lib\Core\Inc\stm32f1xx_hal_conf.h
2020-10-04 10:07:31,529 [WARN] IPConfigManager:2701 - IP not found : gpio
2020-10-04 10:07:31,530 [WARN] CodeGenerator:2649 - IP not found : gpio
2020-10-04 10:07:31,563 [INFO] CodeEngine:188 - oldGeneratedFile, C:\Users\kazen\Documents\project\2020_10_03_SerlCan\code\SerialCAN\tools\local\stm32_cube\Lib\Core\Inc\main.h_save
2020-10-04 10:07:31,694 [INFO] CodeEngine:206 - Generated code: C:\Users\kazen\Documents\project\2020_10_03_SerlCan\code\SerialCAN\tools\local\stm32_cube\Lib\Core\Inc\main.h
2020-10-04 10:07:31,739 [INFO] CodeEngine:188 - oldGeneratedFile, C:\Users\kazen\Documents\project\2020_10_03_SerlCan\code\SerialCAN\tools\local\stm32_cube\Lib\Core\Src\main.c_save
2020-10-04 10:07:31,889 [INFO] CodeEngine:206 - Generated code: C:\Users\kazen\Documents\project\2020_10_03_SerlCan\code\SerialCAN\tools\local\stm32_cube\Lib\Core\Src\main.c
2020-10-04 10:07:33,075 [INFO] ProjectBuilder:2002 - Time for Copy HAL[1] : 428mS.
2020-10-04 10:07:33,080 [INFO] ProjectBuilder:2727 - Project Generator version: 3.7.1
2020-10-04 10:07:33,520 [INFO] ConfigFileManager:1066 - The Die is : DIE410
2020-10-04 10:07:39,787 [INFO] ProjectBuilder:2894 - Time for Generating toolchain IDE Files: 6707mS.
2020-10-04 10:07:39,789 [INFO] ProjectBuilder:1878 - Time for Copy CMSIS : 1mS.
2020-10-04 10:07:39,792 [INFO] ProjectBuilder:1878 - Time for Copy CMSIS : 0mS.
2020-10-04 11:29:14,086 [INFO] NvicIntPanel:88 - NVIC parent = com.st.microxplorer.plugins.ip.nvic.MultiNvicIntPanel[,0,0,450x421,layout=javax.swing.BoxLayout,alignmentX=0.0,alignmentY=0.0,border=,flags=9,maximumSize=,minimumSize=,preferredSize=]
